<?xml version="1.0" encoding="UTF-8"?>
<testsuite xmlns:xsi="http://www.w3.org/2001/XMLSchema-instance" xsi:noNamespaceSchemaLocation="https://maven.apache.org/surefire/maven-surefire-plugin/xsd/surefire-test-report.xsd" version="3.0.2" name="test.java.TestMail" time="0.299" tests="1" errors="0" skipped="0" failures="0">
  <properties>
[...]
</properties>
  <testcase name="testMail" classname="testMail()" time="0.298">
    <system-out><![CDATA[
---------------------------------- &amp#27;[32;1mTest mail&amp#27;[39;49;0m ------------------------------------
Show console true
DEBUG: setDebug: Jakarta Mail version 1.6.8
DEBUG: setDebug: Jakarta Mail version 1.6.8

------------------- &amp#27;[32;1mreminder@notify.gyap.org gdx1231@126.com&amp#27;[39;49;0m --------------------
DEBUG: getProvider() returning javax.mail.Provider[TRANSPORT,smtp,com.sun.mail.smtp.SMTPTransport,Oracle]
DEBUG SMTP: need username and password for authentication
DEBUG SMTP: protocolConnect returning false, host=smtpdm.aliyun.com, user=admin, password=<null>
DEBUG SMTP: useEhlo true, useAuth true
DEBUG SMTP: trying to connect to host "smtpdm.aliyun.com", port 465, isSSL true
220 smtpdm.aliyun.com DirectMail Smtpd Server
DEBUG SMTP: connected to host "smtpdm.aliyun.com", port: 465
EHLO localhost
250-smtp.aliyun-inc.com
250-8BITMIME
250-AUTH=PLAIN LOGIN XALIOAUTH
250-AUTH PLAIN LOGIN XALIOAUTH
250-PIPELINING
250 DSN
DEBUG SMTP: Found extension "8BITMIME", arg ""
DEBUG SMTP: Found extension "AUTH=PLAIN", arg "LOGIN XALIOAUTH"
DEBUG SMTP: Found extension "AUTH", arg "PLAIN LOGIN XALIOAUTH"
DEBUG SMTP: Found extension "PIPELINING", arg ""
DEBUG SMTP: Found extension "DSN", arg ""
DEBUG SMTP: protocolConnect login, host=smtpdm.aliyun.com, user=reminder@notify.gyap.org, password=<non-null>
DEBUG SMTP: Attempt to authenticate using mechanisms: LOGIN PLAIN DIGEST-MD5 NTLM XOAUTH2 
DEBUG SMTP: Using mechanism LOGIN
DEBUG SMTP: AUTH LOGIN command trace suppressed
DEBUG SMTP: AUTH LOGIN failed

----------------------------------- &amp#27;[32;1msend ok&amp#27;[39;49;0m -------------------------------------
]]></system-out>
    <system-err><![CDATA[6月 27, 2026 10:56:07 上午 com.gdxsoft.easyweb.utils.Mail.SendMail addTo
信息: <gdx1231@126.com>
6月 27, 2026 10:56:07 上午 com.gdxsoft.easyweb.utils.Mail.SendMail getMailSession
信息: smtpdm.aliyun.com.465.reminder@notify.gyap.org.Luke606GDX1234567890.true.false
6月 27, 2026 10:56:07 上午 com.gdxsoft.easyweb.utils.Mail.SendMail getMailSession
信息: javax.mail.Session@659eef7
6月 27, 2026 10:56:07 上午 com.gdxsoft.easyweb.utils.Mail.SendMail createMinMessage
信息: [Ljavax.mail.internet.InternetAddress;@5dbe30be ->[Ljavax.mail.internet.InternetAddress;@4fe89c24, 日本零碳终极武器——太空光伏发电
6月 27, 2026 10:56:07 上午 com.gdxsoft.easyweb.utils.Mail.SendMail send
严重: 535 Authentication failure[0] [@ud010201]

]]></system-err>
  </testcase>
</testsuite>