<?xml version="1.0" encoding="UTF-8"?>
<testsuite xmlns:xsi="http://www.w3.org/2001/XMLSchema-instance" xsi:noNamespaceSchemaLocation="https://maven.apache.org/surefire/maven-surefire-plugin/xsd/surefire-test-report.xsd" version="3.0.2" name="test.java.TestRsa" time="0.052" tests="1" errors="0" skipped="0" failures="0">
  <properties>
[...]
</properties>
  <testcase name="testRsa" classname="testRsa()" time="0.039">
    <system-out><![CDATA[The conf file has not changed
The conf file has not changed

----------------------------- &amp#27;[32;1m测试RSA - DER/PEM BC&amp#27;[39;49;0m ------------------------------

------------------------------ &amp#27;[32;1m私匙加密，公匙解密&amp#27;[39;49;0m -------------------------------
加密内容-> 私匙加密，公匙解密
A1iKaxlgYYaa9tBaKoByFvDUuJR2/tQan1603Dg8e3nCdgIAp0SN7aHat3XS40ycBUgYN0SQjZKE4upbsCyNTJWcfoDWJH4TLP7GInIRiByGiI1g/ZC2q+W44r6QwlHJsKB+9z3cnLjSZU3rq6FTmr/K7xZrcZWM6fE8PrxuL6U=
解密----> 私匙加密，公匙解密

------------------------------ &amp#27;[32;1m公匙加密，私匙解密&amp#27;[39;49;0m -------------------------------
 公匙加密，私匙解密
DAyvXzk9CSLfV8OKO8hl++SUpC6lP8/8jJFzV8CXaI9s3cwQr1/ZRS5A12lE0yS6Tn1bSBbn5Hyj2N3lEEK8DzUYj7Y3s34vXhobXGbFVpAvjR9rBlhP3tlk524RKqz7P8qRtR1TItDYyoLAYXzI3B2GIeXFPPfwY3ZonkfjVkU=
 公匙加密，私匙解密

----------------------------------- &amp#27;[32;1m签名验证&amp#27;[39;49;0m ------------------------------------
N1n4bnjF2YxXgKBUCwEJI6iSDgrWdogYcmuHtOpJuMwtIAYFzoHjpxxP4XZ1wO+h71IHEmK6QZMvOlJ3t5Nnt/y+O/wtw6VfBfr19O61BWtDI88agJtWMlKBjqVazxsatoFW9H0kNVwRKI5+O0Z7vByTNPXLp+35dEzh736tZPU=
验证情况：true

----------------------- &amp#27;[32;1m测试RSA - DER/PEM java.security&amp#27;[39;49;0m -------------------------

------------------------------ &amp#27;[32;1m私匙加密，公匙解密&amp#27;[39;49;0m -------------------------------
加密内容-> 私匙加密，公匙解密
A1iKaxlgYYaa9tBaKoByFvDUuJR2/tQan1603Dg8e3nCdgIAp0SN7aHat3XS40ycBUgYN0SQjZKE4upbsCyNTJWcfoDWJH4TLP7GInIRiByGiI1g/ZC2q+W44r6QwlHJsKB+9z3cnLjSZU3rq6FTmr/K7xZrcZWM6fE8PrxuL6U=
解密----> 私匙加密，公匙解密

------------------------------ &amp#27;[32;1m公匙加密，私匙解密&amp#27;[39;49;0m -------------------------------
 公匙加密，私匙解密
UHTMihzIK/FaQqCMLNGsDIOwggQRL2bLQG2lJ2nnWx6aQFk3qIoGhnLk0O4zZWNpjm5EMWAn4Zh0QO95Flk+wfl7OXHCHllk17o9Cx06wCHfYN0znf29Z93nfXSjH3mlKDffZ2rzspreLSDqKSs6FlRxHMSTrhzzvFtskddgrwg=
 公匙加密，私匙解密

----------------------------------- &amp#27;[32;1m签名验证&amp#27;[39;49;0m ------------------------------------
N1n4bnjF2YxXgKBUCwEJI6iSDgrWdogYcmuHtOpJuMwtIAYFzoHjpxxP4XZ1wO+h71IHEmK6QZMvOlJ3t5Nnt/y+O/wtw6VfBfr19O61BWtDI88agJtWMlKBjqVazxsatoFW9H0kNVwRKI5+O0Z7vByTNPXLp+35dEzh736tZPU=
验证情况：true

----------------------------------- &amp#27;[32;1m测试RSA&amp#27;[39;49;0m -------------------------------------
-----BEGIN RSA PRIVATE KEY-----
MIICdQIBADANBgkqhkiG9w0BAQEFAASCAl8wggJbAgEAAoGBAJfQph8pNC3Dr+V5
tvhPZtcrBif8Nu+QqnxojgaABu0CO5JNrOuaWUHRIvllZDFuqE4GATe28oreLUxY
k3wWoB/efZ9x8o4TNMHRUPht3HziJ7n8JkZ6X1y6fRGWHzq/cbTnpFFaj/0Qi9uR
9mbtdnwriK7B9o2YoIqSzJNaE9fRAgMBAAECgYAEJz63NyZsutf74z8/pnTz3aMF
yqUyW0Llw8rAZ+Xgm603asF4gdzPo5YFTIo/3bUUKt8DSCGVLeA/gKQaysfrQlGM
LKo/IN0FG4Qwsci+5+LSaO8MLBLRP+ASpLn9Ls/8Wr5bPk4JWuyGFlzJZtQMIU1b
/TG57nCp65GeIqLRQQJBAKSXPGB91mD/fF7B+YTNHv1rUQE3r0PboiRafN+SOGJW
PKWNZgUPxRWHAb2RILaCSNeoj4qwbqSab/JHBegoTRECQQDsIQSdMFGOJvYk/n8f
rs9OcVp+8wmZn/r9Uh2pQxZvZSO3T4HySiA7EvwYieVdbp/hshYo0C65inTeN1UH
Dd7BAkAQ4HEQc9bHm2rlTH6JX38N/TMRLOSL0LmPgLfNNPETJESTtSwA2N0cl/tV
tMvl6vYNJvuQ/QZbWnqgHSg95eQBAkBi+zRD8A0/2XU07Lm9PjoIV9vne1l63GUJ
63IjkcvFxk/Cd8GxHwGDweGLJ8LN96Ftqok/coUjobZ7sBYkbtwBAkBNoB34bi99
128xuPpFjMJHS/8j+bcYaVzD9dg/s5d1JdGW4L3SC0UNTAj6+5AQ3bntbH6R0h8f
oG1Lam52seR7
-----END RSA PRIVATE KEY-----

/var/folders/qc/18ckd6wn3c949_y7rbw9f6vr0000gn/T/test_private12194254291821448968.pem
-----BEGIN PUBLIC KEY-----
MIGfMA0GCSqGSIb3DQEBAQUAA4GNADCBiQKBgQCX0KYfKTQtw6/lebb4T2bXKwYn
/DbvkKp8aI4GgAbtAjuSTazrmllB0SL5ZWQxbqhOBgE3tvKK3i1MWJN8FqAf3n2f
cfKOEzTB0VD4bdx84ie5/CZGel9cun0Rlh86v3G056RRWo/9EIvbkfZm7XZ8K4iu
wfaNmKCKksyTWhPX0QIDAQAB
-----END PUBLIC KEY-----

/var/folders/qc/18ckd6wn3c949_y7rbw9f6vr0000gn/T/test_public17085691192627043568.pem

------------------------------ &amp#27;[32;1m私匙加密，公匙解密&amp#27;[39;49;0m -------------------------------
加密内容-> 私匙加密，公匙解密
MbFQEje2kXMV4ovLJaHcpzPY2oLm/C4o1EdXAreSqAlwlOxRboDKXEXVCMHj+qd1WEXGDNwr9ki2FMRLd663JsJ2TMWwzcDELfXBSF0BC4GhKF9DFBoex6J3mdQRWuIoNbwnGskXDCIOpdGcrJBYWsj+eG5ZGU2OY4jso3Ib8hI=
解密----> 私匙加密，公匙解密

------------------------------ &amp#27;[32;1m公匙加密，私匙解密&amp#27;[39;49;0m -------------------------------
 公匙加密，私匙解密
JI094LzzT7xIrtPOXb9obUCjMy4n89m2G/Lv1zU9Dt+MppQKgiiUUBvfv9VJFSStDzKdVJ2MspfIlvSfwhGrl/VS3eqRHEqbNo8KFZMMHjpW41q/XN0dJI505vkfptc52GJgppI8VmkJ+BBxmbi42NDrIxa7rfT3hjYTkZJjUWQ=
 公匙加密，私匙解密

----------------------------------- &amp#27;[32;1m签名验证&amp#27;[39;49;0m ------------------------------------
dcLj/SWvV6zG3j9Tg7PxyX0E0Nqq7t3eDnRh03WDTLsCLJa0VWvZO4utH2uj00YM9o3ufQS6U5PXWliZTwAps1BTxrDBdDkISmK+XTvo7+ku3iEfYiBLZleDmjBkLeyCugJE3rmFWUb4hl1nzasOaVQZXq4YG+n/wpbxZVVZCeg=
验证情况：true

--------------------------------- &amp#27;[32;1m测试 Digest&amp#27;[39;49;0m -----------------------------------
md2: 9894DD00E93DD53E0F87F51AA073A2AF
md2: 9894DD00E93DD53E0F87F51AA073A2AF
md5: 45ED9CC2F92B77CD8B2F5BD59FF635F8
md5: 45ED9CC2F92B77CD8B2F5BD59FF635F8
sha-1: A7A7C2E911A47B967D34B5A8807C040E9D167815
sha-1: A7A7C2E911A47B967D34B5A8807C040E9D167815
sha-256: 9C5729595FB287CC2A2256280448BBE706C0A866F0372515C7483DE2AF4E6532
sha-256: 9C5729595FB287CC2A2256280448BBE706C0A866F0372515C7483DE2AF4E6532
sha-384: 8585458B36503C9207F2E41DB7502D70B9999B3EC0FDBD9936221CB895DCFED66BC33A10EA20AFCD38C3C3DA84B8FBEB
sha-384: 8585458B36503C9207F2E41DB7502D70B9999B3EC0FDBD9936221CB895DCFED66BC33A10EA20AFCD38C3C3DA84B8FBEB
sha-512: 2F5F4E3A8564E5969A09866387D14D0714AF5797B423C0848D53E6D8A5DFCBF3341013F2CD815BB89D6E0124DB0DC004E34D1BA256BA6B70BBDCF56F97E2C4ED
sha-512: 2F5F4E3A8564E5969A09866387D14D0714AF5797B423C0848D53E6D8A5DFCBF3341013F2CD815BB89D6E0124DB0DC004E34D1BA256BA6B70BBDCF56F97E2C4ED
]]></system-out>
  </testcase>
</testsuite>