<?xml version="1.0" encoding="UTF-8"?>
<testsuite xmlns:xsi="http://www.w3.org/2001/XMLSchema-instance" xsi:noNamespaceSchemaLocation="https://maven.apache.org/surefire/maven-surefire-plugin/xsd/surefire-test-report.xsd" version="3.0.2" name="test.java.TestAes" time="0.18" tests="1" errors="0" skipped="0" failures="0">
  <properties>
[...]
</properties>
  <testcase name="testAes" classname="testAes()" time="0.179">
    <system-out><![CDATA[
--------------------------------- &amp#27;[32;1maes-128-ccm&amp#27;[39;49;0m -----------------------------------
BC: true, AUTO IV：true
A2FC3EB7AACCA44CE25B18FB344D120ABAF8BB1745DA80BF7D600584247150320CD7F0A025470C5A51243075FF116164
东3圣诞节🐂🐎精神121
BC: true, AUTO IV：false
62BCE7B6E960FDDCE1A72F5D969FC33678FE9154997CB2A37982B8ADAA8EAC97
东3圣诞节🐂🐎精神121
BC: false, AUTO IV：true
16E4A1A3A6B4B68446EC6BA66EF3541A59C672E661A43C01A3181966F8FFD8B5CF67F36ECE0896D115D66E7885B8E7EF
东3圣诞节🐂🐎精神121
BC: false, AUTO IV：false
62BCE7B6E960FDDCE1A72F5D969FC33678FE9154997CB2A37982B8ADAA8EAC97
东3圣诞节🐂🐎精神121

--------------------------------- &amp#27;[32;1maes-128-gcm&amp#27;[39;49;0m -----------------------------------
BC: true, AUTO IV：true
EA002D482A26D41E3BDD3258DD5DEC6D6DF445F48E53010EB84366FA7508AA574CC263C92E7E75D8ADFF2D53B5B104E9B6BE
东3圣诞节🐂🐎精神121
BC: true, AUTO IV：false
1BC3FEE837B0AED9D8E2EC038D63D9CED8ED62DE0811A5484DD2ED6AEFBD9F74166C
东3圣诞节🐂🐎精神121
BC: false, AUTO IV：true
25C2426B5DC3CBB6C9079BA29468D74DBDF539DD84C0A8AECB9D850A919CFC23239F42579D0EC1B035C236E73001DF15304D
东3圣诞节🐂🐎精神121
BC: false, AUTO IV：false
1BC3FEE837B0AED9D8E2EC038D63D9CED8ED62DE0811A5484DD2ED6AEFBD9F74166C
东3圣诞节🐂🐎精神121

--------------------------------- &amp#27;[32;1maes-128-ctr&amp#27;[39;49;0m -----------------------------------
BC: true, AUTO IV：true
A838BED0713CF7C5A26EC5FA43FB2D38F5127215C7DD1B841D4073083E8898CBAD66989065C774EB43D430B481054732
东3圣诞节🐂🐎精神121
BC: true, AUTO IV：false
5D5AB39AE90F957E6219AE65CDFFE7FCC791B8FEBE0F596CA1C7F6F77FD19F00
东3圣诞节🐂🐎精神121
BC: false, AUTO IV：true
5B6A89480BFAECE05195622CD131FE6A72C5FE98AD6DCC3896A965AC01FEDBB6F9DE0FF4C5485B7DC35763F17501E6D6
东3圣诞节🐂🐎精神121
BC: false, AUTO IV：false
5D5AB39AE90F957E6219AE65CDFFE7FCC791B8FEBE0F596CA1C7F6F77FD19F00
东3圣诞节🐂🐎精神121

--------------------------------- &amp#27;[32;1maes-128-ecb&amp#27;[39;49;0m -----------------------------------
BC: true, AUTO IV：true
6DE0F4A105CC2FB361525B98C46A05107AF154EE34EAC821898121A46BFC6F32
Cannot read the array length because "bytes" is null
BC: false, AUTO IV：true
6DE0F4A105CC2FB361525B98C46A05107AF154EE34EAC821898121A46BFC6F32
Cannot read the array length because "bytes" is null

--------------------------------- &amp#27;[32;1maes-128-cbc&amp#27;[39;49;0m -----------------------------------
BC: true, AUTO IV：true
C7AE7C25F242AF78058AD1CB6898605EAD0FE561870548C8D3BB5CEDEF734FEB4EEE24B74CE4DDB16C5D252F6CDFC473
东3圣诞节🐂🐎精神121
BC: true, AUTO IV：false
62BCE7B6E960FDDCE1A72F5D969FC33678FE9154997CB2A37982B8ADAA8EAC97
东3圣诞节🐂🐎精神121
BC: false, AUTO IV：true
4EF868939C23BF47C9C65E9C00B61B0B21276F017B27258A98452AE9D02211F5A8D6B2FE8019D3965686178C9A887B14
东3圣诞节🐂🐎精神121
BC: false, AUTO IV：false
62BCE7B6E960FDDCE1A72F5D969FC33678FE9154997CB2A37982B8ADAA8EAC97
东3圣诞节🐂🐎精神121

--------------------------------- &amp#27;[32;1maes-128-cfb&amp#27;[39;49;0m -----------------------------------
BC: true, AUTO IV：true
C343A6CE812908F50DBD3525AE88BF6779BA61B253573D8F0329D1F081B56194B22609B14D479E78956C377E8BADEB09
东3圣诞节🐂🐎精神121
BC: true, AUTO IV：false
5D5AB39AE90F957E6219AE65CDFFE7FC8FCAFAAA9F5A6361750327929F6A63A2
东3圣诞节🐂🐎精神121
BC: false, AUTO IV：true
F25AA4F4B1DE823EB6A430923D75AD17451FF0F64E855E4BD4E6E5EE3519F7D8D3DE2FC0FFC72B36379C8138E12CB29B
东3圣诞节🐂🐎精神121
BC: false, AUTO IV：false
5D5AB39AE90F957E6219AE65CDFFE7FC8FCAFAAA9F5A6361750327929F6A63A2
东3圣诞节🐂🐎精神121

--------------------------------- &amp#27;[32;1maes-128-ofb&amp#27;[39;49;0m -----------------------------------
BC: true, AUTO IV：true
D6E382319AF1983FC0B73CC4B2E315988DDDA387348C5852260456D0E5EEB91E4F67D2300C9EFEDC5C5AD82B2127B8CE
东3圣诞节🐂🐎精神121
BC: true, AUTO IV：false
5D5AB39AE90F957E6219AE65CDFFE7FC0BC3096B748E2A7C035112A915D81CE2
东3圣诞节🐂🐎精神121
BC: false, AUTO IV：true
0BBCF43779D3E3E3D0B5606B278C6C9A3059CB4E6AD6E77E913F694151E819E94FBB86BC66D92CD59A7E3330F047D3D8
东3圣诞节🐂🐎精神121
BC: false, AUTO IV：false
5D5AB39AE90F957E6219AE65CDFFE7FC0BC3096B748E2A7C035112A915D81CE2
东3圣诞节🐂🐎精神121

--------------------------------- &amp#27;[32;1maes-192-gcm&amp#27;[39;49;0m -----------------------------------
BC: true, AUTO IV：true
5A7B4703206285B4763E7F45833B6955D87B4686590466418455FB3E81E02B01D7D4BD3535C5CBAAB04558767C859694A961
东3圣诞节🐂🐎精神121
BC: true, AUTO IV：false
4492CE98FFF509955A0E4C89EA7D291E46AAABEF3011AC4C8D3D7DA28911E6AE6353
东3圣诞节🐂🐎精神121
BC: false, AUTO IV：true
162DD00B9CA7AE1710D5F513CCEA26AAC21944C4D8DEE39C39EEAB537FE5896BE40020F2BF19DC32D6FA12460373A1263A46
东3圣诞节🐂🐎精神121
BC: false, AUTO IV：false
4492CE98FFF509955A0E4C89EA7D291E46AAABEF3011AC4C8D3D7DA28911E6AE6353
东3圣诞节🐂🐎精神121

--------------------------------- &amp#27;[32;1maes-192-ctr&amp#27;[39;49;0m -----------------------------------
BC: true, AUTO IV：true
21416B22EA47D4338747DB718C2AAAE2C13092A94BA9E9DB171498351DB78100251FB14C702B8A025999405CF0A85EED
东3圣诞节🐂🐎精神121
BC: true, AUTO IV：false
0BFA1F46BC1884F868033AE66451D5406C63FCAEA293729BCFBB558505A0DEB4
东3圣诞节🐂🐎精神121
BC: false, AUTO IV：true
F6D28517C8C8B7358A67986272DA1815EF529B093D51A0163B3363F17064309990DFB0EBC88DAF29145E28EF8CD6F865
东3圣诞节🐂🐎精神121
BC: false, AUTO IV：false
0BFA1F46BC1884F868033AE66451D5406C63FCAEA293729BCFBB558505A0DEB4
东3圣诞节🐂🐎精神121

--------------------------------- &amp#27;[32;1maes-192-ecb&amp#27;[39;49;0m -----------------------------------
BC: true, AUTO IV：true
196319067D7CDF59A7CEB9E6DE4831D528C080F0CC8E96B62ADA9A5AD64878C6
Cannot read the array length because "bytes" is null
BC: false, AUTO IV：true
196319067D7CDF59A7CEB9E6DE4831D528C080F0CC8E96B62ADA9A5AD64878C6
Cannot read the array length because "bytes" is null

--------------------------------- &amp#27;[32;1maes-192-cbc&amp#27;[39;49;0m -----------------------------------
BC: true, AUTO IV：true
65F63AB5BF99153F46C7B1DB0A03037F7DDC19E15A956EFB0E35B10900CDF417061A44015D783128C83E8A88F1C4BAD2
东3圣诞节🐂🐎精神121
BC: true, AUTO IV：false
327CC3869CE46BFDC974BC23609B77BA2CCBF4D1BBA038A5F56903F252E20F4E
东3圣诞节🐂🐎精神121
BC: false, AUTO IV：true
79F1D5C6B992AB7BC5D246DF850A3CFB33FBBA5D7EE4AE3212714DB4153FBA614D880BF70649606DC8C9AE5E5FFDB594
东3圣诞节🐂🐎精神121
BC: false, AUTO IV：false
327CC3869CE46BFDC974BC23609B77BA2CCBF4D1BBA038A5F56903F252E20F4E
东3圣诞节🐂🐎精神121

--------------------------------- &amp#27;[32;1maes-192-cfb&amp#27;[39;49;0m -----------------------------------
BC: true, AUTO IV：true
FE1C45027E5C1D63DA36B3C17C8EE088141069BECBB65448088D35378EE452D3F4093A7604051FB0530733B6A304B24A
东3圣诞节🐂🐎精神121
BC: true, AUTO IV：false
0BFA1F46BC1884F868033AE66451D54038C4A025AFC995AF6C8DF509FD5458CE
东3圣诞节🐂🐎精神121
BC: false, AUTO IV：true
1669EA84F1AC4A32108A99DAE22130754D697FFB6DC9BBD5EBB4406163607539374BF786DA452979D4214FB04771F876
东3圣诞节🐂🐎精神121
BC: false, AUTO IV：false
0BFA1F46BC1884F868033AE66451D54038C4A025AFC995AF6C8DF509FD5458CE
东3圣诞节🐂🐎精神121

--------------------------------- &amp#27;[32;1maes-192-ofb&amp#27;[39;49;0m -----------------------------------
BC: true, AUTO IV：true
3A7FDF720A5AF2728345B0D7BA3144085B3AE5663AF6FD807A27693D3811F90CC3CD6EECAB888858C1F9B394BCD7ACED
东3圣诞节🐂🐎精神121
BC: true, AUTO IV：false
0BFA1F46BC1884F868033AE66451D5403A8388C8C1109F76972EFC07CC9628BD
东3圣诞节🐂🐎精神121
BC: false, AUTO IV：true
3C9BEDEFC8A78EF72004ACFC0A5CAFA02CD99C45CA2A56602AA45611767435569F9442C91591276F96AD17E8E8B6CB8F
东3圣诞节🐂🐎精神121
BC: false, AUTO IV：false
0BFA1F46BC1884F868033AE66451D5403A8388C8C1109F76972EFC07CC9628BD
东3圣诞节🐂🐎精神121

--------------------------------- &amp#27;[32;1maes-256-gcm&amp#27;[39;49;0m -----------------------------------
BC: true, AUTO IV：true
5AC7FFC92B7D6E087950BB210902694686E5CB3255EE12A560C689D552B156C06EE949088DA1A1804DD63902ED13748CCD70
东3圣诞节🐂🐎精神121
BC: true, AUTO IV：false
F685C48E0E55A22AFCBBB83A463ACE3B24FF6A747681E89056E21299674D0E9E0FFC
东3圣诞节🐂🐎精神121
BC: false, AUTO IV：true
DA951405633569D39056E8E23F4E42FF6DB9B33E612B2CE180F6BD5759F3BD7715028255D74434B70D048C2C034D67A46B53
东3圣诞节🐂🐎精神121
BC: false, AUTO IV：false
F685C48E0E55A22AFCBBB83A463ACE3B24FF6A747681E89056E21299674D0E9E0FFC
东3圣诞节🐂🐎精神121

--------------------------------- &amp#27;[32;1maes-256-ctr&amp#27;[39;49;0m -----------------------------------
BC: true, AUTO IV：true
332E96A4224492BDF796C5E867662833BED8A87DC630DABFECA271590C1F53CB3E5610553AF78053B9F54581BE8D8B89
东3圣诞节🐂🐎精神121
BC: true, AUTO IV：false
B90342C0C29B3DE52EE4722982B18FBCE50D48C3E768800B12550E04EBAED69C
东3圣诞节🐂🐎精神121
BC: false, AUTO IV：true
95A83F5A07DEDC5D66DD8C70E06753DC210A10B30DDFC867889D095325797F0ED631E7757315A2D5AD914561A81127B4
东3圣诞节🐂🐎精神121
BC: false, AUTO IV：false
B90342C0C29B3DE52EE4722982B18FBCE50D48C3E768800B12550E04EBAED69C
东3圣诞节🐂🐎精神121

--------------------------------- &amp#27;[32;1maes-256-ecb&amp#27;[39;49;0m -----------------------------------
BC: true, AUTO IV：true
D66A4FBD77FAF8453A01CCFBE04523701172677DD70490A1B5CE998987CDD297
Cannot read the array length because "bytes" is null
BC: false, AUTO IV：true
D66A4FBD77FAF8453A01CCFBE04523701172677DD70490A1B5CE998987CDD297
Cannot read the array length because "bytes" is null

--------------------------------- &amp#27;[32;1maes-256-cbc&amp#27;[39;49;0m -----------------------------------
BC: true, AUTO IV：true
C2EA4A5DD57F022AB035637B7DE15D703F5EC890A0DBFF4AE484580F16BAF07304FBB539C37D519B0953355C6FE0C1A6
东3圣诞节🐂🐎精神121
BC: true, AUTO IV：false
B7952EF513A119951F930393E629D489F2F233CFF112E69FE393F595B067292B
东3圣诞节🐂🐎精神121
BC: false, AUTO IV：true
DE778A9F23C62D3EA4A4A5A94A55FBB982090C50F241A673E628C26A4FBF1E85E708B47043B45549F6CA0E3664CE2C88
东3圣诞节🐂🐎精神121
BC: false, AUTO IV：false
B7952EF513A119951F930393E629D489F2F233CFF112E69FE393F595B067292B
东3圣诞节🐂🐎精神121

--------------------------------- &amp#27;[32;1maes-256-cfb&amp#27;[39;49;0m -----------------------------------
BC: true, AUTO IV：true
87DDAE33A7648B1D57E06AB91FB63775B7F77820CFA1E944CB3EA724ECF0DB06EF450D4FF090C10437850E2889E500B2
东3圣诞节🐂🐎精神121
BC: true, AUTO IV：false
B90342C0C29B3DE52EE4722982B18FBCA7BEF9BF5E63841C006277A109689C07
东3圣诞节🐂🐎精神121
BC: false, AUTO IV：true
1103EDCD011DCE69755E40A5A361A5AEA840FC744A7F959F0884D44AFD65750B66477055B542B60BE43ADD9A54631CDF
东3圣诞节🐂🐎精神121
BC: false, AUTO IV：false
B90342C0C29B3DE52EE4722982B18FBCA7BEF9BF5E63841C006277A109689C07
东3圣诞节🐂🐎精神121

--------------------------------- &amp#27;[32;1maes-256-ofb&amp#27;[39;49;0m -----------------------------------
BC: true, AUTO IV：true
39BFDBBD5438AD50C735F4C5736537204A8153398B18C639CC471328E42CF58A1B1F4B560AF07E1C32B7DAFE2E1493C9
东3圣诞节🐂🐎精神121
BC: true, AUTO IV：false
B90342C0C29B3DE52EE4722982B18FBC8DB731E6472DEFF913D63F2BFA5B039A
东3圣诞节🐂🐎精神121
BC: false, AUTO IV：true
216F7B004070A3429F6D2FF5B9EEAD37809894F1CE181571754759B0D33CB1BB1B695C6A9029E7CB401236E4CE27372F
东3圣诞节🐂🐎精神121
BC: false, AUTO IV：false
B90342C0C29B3DE52EE4722982B18FBC8DB731E6472DEFF913D63F2BFA5B039A
东3圣诞节🐂🐎精神121
]]></system-out>
  </testcase>
</testsuite>