<?xml version="1.0" encoding="UTF-8"?>
<testsuite xmlns:xsi="http://www.w3.org/2001/XMLSchema-instance" xsi:noNamespaceSchemaLocation="https://maven.apache.org/surefire/maven-surefire-plugin/xsd/surefire-test-report.xsd" version="3.0.2" name="test.java.TestFormats" time="0.013" tests="1" errors="0" skipped="0" failures="0">
  <properties>
[...]
</properties>
  <testcase name="testFormats" classname="testFormats()" time="0.013">
    <system-out><![CDATA[
---------------------------------- &amp#27;[32;1mtestFormat&amp#27;[39;49;0m -----------------------------------

------------------------------------- &amp#27;[32;1mAge&amp#27;[39;49;0m ---------------------------------------
16
2010-01-01
16
null
Thu Aug 18 14:19:46 CST 2016
Thu Aug 18 14:19:46 CST 2016

------------------------------------- &amp#27;[32;1mDate&amp#27;[39;49;0m --------------------------------------
date = 2026-06-27
date = 06/27/2026
dateTime = 2026-06-27 10:56:07
dateTime = 06/27/2026 10:56:07
time = 10:56:07
time = 10:56:07
dateShortTime = 2026-06-27 10:56
dateShortTime = 06/27/2026 10:56
shortTime = 10:56
shortTime = 10:56
shortDate = 06-27
shortDate = 06/27
shortDateTime = 06-27 10:56
shortDateTime = 06/27 10:56
week = 六
week = Sat
date = 2011-12-31
date = 12/31/2011
dateTime = 2011-12-31 22:59:59
dateTime = 12/31/2011 22:59:59
time = 22:59:59
time = 22:59:59
dateShortTime = 2011-12-31 22:59
dateShortTime = 12/31/2011 22:59
shortTime = 22:59
shortTime = 22:59
shortDate = 12-31
shortDate = 12/31
shortDateTime = 12-31 22:59
shortDateTime = 12/31 22:59
week = 六
week = Sat

------------------------------- &amp#27;[32;1mDecimalClearZero&amp#27;[39;49;0m --------------------------------
12.41
12.51
null
12.51

------------------------------------ &amp#27;[32;1mMoney&amp#27;[39;49;0m --------------------------------------
132,312.41
132,312.42
132,312.41
132,312.42
]]></system-out>
    <system-err><![CDATA[6月 27, 2026 10:56:07 上午 com.gdxsoft.easyweb.utils.Utils getDate
严重: 2021-03-21 18:02:01, yyyy-MM-dd hh:mm:ss
6月 27, 2026 10:56:07 上午 com.gdxsoft.easyweb.utils.Utils getDate
严重: Text '2021-03-21 18:02:01' could not be parsed: Invalid value for ClockHourOfAmPm (valid values 1 - 12): 18
]]></system-err>
  </testcase>
</testsuite>