<?xml version="1.0" encoding="UTF-8"?>
<testsuite xmlns:xsi="http://www.w3.org/2001/XMLSchema-instance" xsi:noNamespaceSchemaLocation="https://maven.apache.org/surefire/maven-surefire-plugin/xsd/surefire-test-report.xsd" version="3.0.2" name="test.java.TestUXml" time="0.015" tests="15" errors="0" skipped="0" failures="0">
  <properties>
[...]
</properties>
  <testcase name="testXml2JsonFromString" classname="testXml2JsonFromString()" time="0.003">
    <system-out><![CDATA[
----------------------------- &amp#27;[32;1m测试XML字符串转JSON&amp#27;[39;49;0m -------------------------------
JSON输出:
{"root":{"person":[{"city":"北京","name":"张三","id":1,"age":25},{"city":"上海","name":"李四","id":2,"age":30}]}}
]]></system-out>
  </testcase>
  <testcase name="testXml2JsonFileNotFound" classname="testXml2JsonFileNotFound()" time="0.001">
    <system-out><![CDATA[
-------------------------------- &amp#27;[32;1m测试文件不存在&amp#27;[39;49;0m ---------------------------------
]]></system-out>
  </testcase>
  <testcase name="testXml2JsonFromStringNull" classname="testXml2JsonFromStringNull()" time="0.0">
    <system-out><![CDATA[
--------------------------- &amp#27;[32;1m测试XML字符串为null或空&amp#27;[39;49;0m -----------------------------
]]></system-out>
  </testcase>
  <testcase name="testXml2JsonFromResourceM" classname="testXml2JsonFromResourceM()" time="0.001">
    <system-out><![CDATA[
------------------------ &amp#27;[32;1m测试resources/xmls/m.xml转JSON&amp#27;[39;49;0m -------------------------
The conf file has not changed
资源文件不存在，跳过测试: /Users/admin/java/com.gdxsoft/emp-script-utils/target17/test-test-classes/resources/xmls/m.xml
]]></system-out>
  </testcase>
  <testcase name="testXml2JsonPathNull" classname="testXml2JsonPathNull()" time="0.0">
    <system-out><![CDATA[
-------------------------------- &amp#27;[32;1m测试路径为null&amp#27;[39;49;0m ---------------------------------
]]></system-out>
  </testcase>
  <testcase name="testXml2JsonSimpleElement" classname="testXml2JsonSimpleElement()" time="0.0">
    <system-out><![CDATA[
---------------------------- &amp#27;[32;1m测试简单XML元素转JSON&amp#27;[39;49;0m ------------------------------
简单元素JSON输出:
{"message":"Hello World"}
]]></system-out>
  </testcase>
  <testcase name="testXml2JsonFromResourceAll" classname="testXml2JsonFromResourceAll()" time="0.0">
    <system-out><![CDATA[
------------------ &amp#27;[32;1m测试resources/xmls目录下所有XML文件转JSON&amp#27;[39;49;0m --------------------
The conf file has not changed
目录不存在，跳过测试: /Users/admin/java/com.gdxsoft/emp-script-utils/target17/test-test-classes/resources/xmls/
]]></system-out>
  </testcase>
  <testcase name="testXml2JsonFromResourceEwaDefine" classname="testXml2JsonFromResourceEwaDefine()" time="0.0">
    <system-out><![CDATA[
-------------------- &amp#27;[32;1m测试resources/xmls/EwaDefine.xml转JSON&amp#27;[39;49;0m ---------------------
The conf file has not changed
资源文件不存在，跳过测试: /Users/admin/java/com.gdxsoft/emp-script-utils/target17/test-test-classes/resources/xmls/EwaDefine.xml
]]></system-out>
  </testcase>
  <testcase name="testXml2JsonWithAttributes" classname="testXml2JsonWithAttributes()" time="0.001">
    <system-out><![CDATA[
---------------------------- &amp#27;[32;1m测试带属性的XML转JSON&amp#27;[39;49;0m ------------------------------
带属性的JSON输出:
{"root": {"user": {
  "name": "王五",
  "id": 100,
  "email": "wangwu@example.com",
  "status": "active"
}}}
]]></system-out>
  </testcase>
  <testcase name="testXml2JsonFromFile" classname="testXml2JsonFromFile()" time="0.0">
    <system-out><![CDATA[
------------------------------ &amp#27;[32;1m测试XML文件转JSON&amp#27;[39;49;0m --------------------------------
从文件转换的JSON:
{"config":{"settings":{"timeout":30,"retry":3},"database":{"port":3306,"host":"localhost","name":"testdb"}}}
]]></system-out>
  </testcase>
  <testcase name="testXml2JsonFromPath" classname="testXml2JsonFromPath()" time="0.0">
    <system-out><![CDATA[
------------------------------ &amp#27;[32;1m测试XML路径转JSON&amp#27;[39;49;0m --------------------------------
从路径转换的JSON:
{"data":{"item":[{"id":1,"content":"Item1"},{"id":2,"content":"Item2"}]}}
从路径转换的格式化JSON:
{"data": {"item": [
  {
    "id": 1,
    "content": "Item1"
  },
  {
    "id": 2,
    "content": "Item2"
  }
]}}
]]></system-out>
  </testcase>
  <testcase name="testXml2JsonFileNull" classname="testXml2JsonFileNull()" time="0.0">
    <system-out><![CDATA[
-------------------------------- &amp#27;[32;1m测试File为null&amp#27;[39;49;0m ---------------------------------
]]></system-out>
  </testcase>
  <testcase name="testXml2JsonPathTraversal" classname="testXml2JsonPathTraversal()" time="0.0">
    <system-out><![CDATA[
------------------------------- &amp#27;[32;1m测试路径遍历防护&amp#27;[39;49;0m --------------------------------
]]></system-out>
  </testcase>
  <testcase name="testXml2JsonFromStringPretty" classname="testXml2JsonFromStringPretty()" time="0.0">
    <system-out><![CDATA[
---------------------- &amp#27;[32;1m测试XML字符串转JSON（格式化输出）&amp#27;[39;49;0m ------------------------
格式化JSON输出:
{"root": {"person": {
  "name": "张三",
  "id": 1,
  "age": 25
}}}
]]></system-out>
  </testcase>
  <testcase name="testXml2JsonFromFilePretty" classname="testXml2JsonFromFilePretty()" time="0.006">
    <system-out><![CDATA[
----------------------- &amp#27;[32;1m测试XML文件转JSON（格式化输出）&amp#27;[39;49;0m -------------------------
从文件转换的格式化JSON:
{"config": {"app": {
    "name": "MyApp",
    "version": "1.0.0"
}}}
]]></system-out>
  </testcase>
</testsuite>