<?xml version="1.0" encoding="UTF-8"?>
<testsuite xmlns:xsi="http://www.w3.org/2001/XMLSchema-instance" xsi:noNamespaceSchemaLocation="https://maven.apache.org/surefire/maven-surefire-plugin/xsd/surefire-test-report.xsd" version="3.0.2" name="test.java.TestUpath" time="0.0" tests="1" errors="0" skipped="0" failures="0">
  <properties>
[...]
</properties>
  <testcase name="testUpath" classname="testUpath()" time="0.0">
    <system-out><![CDATA[The conf file has not changed
The conf file has not changed
The conf file has not changed
]]></system-out>
  </testcase>
</testsuite>